<?xml version="1.0" encoding="UTF-8"?>
<testsuite xmlns:xsi="http://www.w3.org/2001/XMLSchema-instance" xsi:noNamespaceSchemaLocation="https://maven.apache.org/surefire/maven-surefire-plugin/xsd/surefire-test-report-3.0.xsd" version="3.0" name="TestRunner.Runner" time="156.946" tests="8" errors="0" skipped="0" failures="0">
  <properties>
[...]
</properties>
  <testcase name="runScenario[&quot;calculate the Arithmetic Operations with WholeNumbers&quot;, &quot;Automate Calculator Using WinAppDriver&quot;](1)" classname="TestRunner.Runner" time="17.187">
    <system-out><![CDATA[
@ArithmeticOperation1
Scenario Outline: calculate the Arithmetic Operations with WholeNumbers          # src/test/java/FeatureFile/Calculator.feature:10
  Given User is able to Open the  Windows Calculator                             # StepDefination.CalculatorSteps.user_is_able_to_Open_the_Windows_Calculator()
  When User is able Select the two Number "234" and "126" perform the "Addition" # StepDefination.CalculatorSteps.user_is_able_Select_the_two_Number_and_perform_the(java.lang.String,java.lang.String,java.lang.String)
Display is 360
ActualResults is 360
ExpectedResults is 360
  When get the operation results of "234" and "126" "Addition"                   # StepDefination.CalculatorSteps.get_the_operation_results_of_and(java.lang.String,java.lang.String,java.lang.String)
  Then Verify the Results                                                        # StepDefination.CalculatorSteps.verify_the_Results()
]]></system-out>
    <system-err><![CDATA[SLF4J: Failed to load class "org.slf4j.impl.StaticLoggerBinder".
SLF4J: Defaulting to no-operation (NOP) logger implementation
SLF4J: See http://www.slf4j.org/codes.html#StaticLoggerBinder for further details.
May 29, 2023 3:40:03 PM io.cucumber.testng.TestNGCucumberRunner <init>
WARNING: By default Cucumber is running in --non-strict mode.
This default will change to --strict and --non-strict will be removed.
You can use --strict or @CucumberOptions(strict = true) to suppress this warning
May 29, 2023 3:40:09 PM io.appium.java_client.remote.AppiumCommandExecutor$1 lambda$0
INFO: Detected dialect: OSS
]]></system-err>
  </testcase>
  <testcase name="runScenario[&quot;calculate the Arithmetic Operations with WholeNumbers&quot;, &quot;Automate Calculator Using WinAppDriver&quot;](2)" classname="TestRunner.Runner" time="17.254">
    <system-out><![CDATA[
@ArithmeticOperation1
Scenario Outline: calculate the Arithmetic Operations with WholeNumbers             # src/test/java/FeatureFile/Calculator.feature:11
  Given User is able to Open the  Windows Calculator                                # StepDefination.CalculatorSteps.user_is_able_to_Open_the_Windows_Calculator()
  When User is able Select the two Number "654" and "345" perform the "Subtraction" # StepDefination.CalculatorSteps.user_is_able_Select_the_two_Number_and_perform_the(java.lang.String,java.lang.String,java.lang.String)
Display is 309
ActualResults is 309
ExpectedResults is 309
  When get the operation results of "654" and "345" "Subtraction"                   # StepDefination.CalculatorSteps.get_the_operation_results_of_and(java.lang.String,java.lang.String,java.lang.String)
  Then Verify the Results                                                           # StepDefination.CalculatorSteps.verify_the_Results()
]]></system-out>
    <system-err><![CDATA[May 29, 2023 3:40:26 PM io.appium.java_client.remote.AppiumCommandExecutor$1 lambda$0
INFO: Detected dialect: OSS
]]></system-err>
  </testcase>
  <testcase name="runScenario[&quot;calculate the Arithmetic Operations with WholeNumbers&quot;, &quot;Automate Calculator Using WinAppDriver&quot;](3)" classname="TestRunner.Runner" time="17.848">
    <system-out><![CDATA[
@ArithmeticOperation1
Scenario Outline: calculate the Arithmetic Operations with WholeNumbers                # src/test/java/FeatureFile/Calculator.feature:12
  Given User is able to Open the  Windows Calculator                                   # StepDefination.CalculatorSteps.user_is_able_to_Open_the_Windows_Calculator()
  When User is able Select the two Number "247" and "375" perform the "Multiplication" # StepDefination.CalculatorSteps.user_is_able_Select_the_two_Number_and_perform_the(java.lang.String,java.lang.String,java.lang.String)
Display is 92,625
ExpectedResults is 92625
  When get the operation results of "247" and "375" "Multiplication"                   # StepDefination.CalculatorSteps.get_the_operation_results_of_and(java.lang.String,java.lang.String,java.lang.String)
  Then Verify the Results                                                              # StepDefination.CalculatorSteps.verify_the_Results()
]]></system-out>
    <system-err><![CDATA[May 29, 2023 3:40:43 PM io.appium.java_client.remote.AppiumCommandExecutor$1 lambda$0
INFO: Detected dialect: OSS
]]></system-err>
  </testcase>
  <testcase name="runScenario[&quot;calculate the Arithmetic Operations with WholeNumbers&quot;, &quot;Automate Calculator Using WinAppDriver&quot;](4)" classname="TestRunner.Runner" time="16.375">
    <system-out><![CDATA[
@ArithmeticOperation1
Scenario Outline: calculate the Arithmetic Operations with WholeNumbers          # src/test/java/FeatureFile/Calculator.feature:13
  Given User is able to Open the  Windows Calculator                             # StepDefination.CalculatorSteps.user_is_able_to_Open_the_Windows_Calculator()
  When User is able Select the two Number "596" and "896" perform the "Division" # StepDefination.CalculatorSteps.user_is_able_Select_the_two_Number_and_perform_the(java.lang.String,java.lang.String,java.lang.String)
Display is 0.6651785714285714
ExpectedResults is 0.6651785714285714
  When get the operation results of "596" and "896" "Division"                   # StepDefination.CalculatorSteps.get_the_operation_results_of_and(java.lang.String,java.lang.String,java.lang.String)
  Then Verify the Results                                                        # StepDefination.CalculatorSteps.verify_the_Results()
]]></system-out>
    <system-err><![CDATA[May 29, 2023 3:41:01 PM io.appium.java_client.remote.AppiumCommandExecutor$1 lambda$0
INFO: Detected dialect: OSS
]]></system-err>
  </testcase>
  <testcase name="runScenario[&quot;calculate the Arithmetic Operations with DecimalNumbers&quot;, &quot;Automate Calculator Using WinAppDriver&quot;](5)" classname="TestRunner.Runner" time="26.322">
    <system-out><![CDATA[
@ArithmeticOperation2
Scenario Outline: calculate the Arithmetic Operations with DecimalNumbers                         # src/test/java/FeatureFile/Calculator.feature:22
  Given User is able to Open the  Windows Calculator                                              # StepDefination.CalculatorSteps.user_is_able_to_Open_the_Windows_Calculator()
  When User is able Select the two decimalNumber "123.1234" and "212.4321" perform the "Addition" # StepDefination.CalculatorSteps.user_is_able_Select_the_two_decimalNumber_and_perform_the(java.lang.String,java.lang.String,java.lang.String)
Display is 335.5555
  When get the operation results of decimalNumbers "123.1234" and "212.4321" "Addition"           # StepDefination.CalculatorSteps.get_the_operation_results_of_decimalNumbers_and(java.lang.String,java.lang.String,java.lang.String)
  Then Verify the Results                                                                         # StepDefination.CalculatorSteps.verify_the_Results()
]]></system-out>
    <system-err><![CDATA[May 29, 2023 3:41:17 PM io.appium.java_client.remote.AppiumCommandExecutor$1 lambda$0
INFO: Detected dialect: OSS
]]></system-err>
  </testcase>
  <testcase name="runScenario[&quot;calculate the Arithmetic Operations with DecimalNumbers&quot;, &quot;Automate Calculator Using WinAppDriver&quot;](6)" classname="TestRunner.Runner" time="17.167">
    <system-out><![CDATA[
@ArithmeticOperation2
Scenario Outline: calculate the Arithmetic Operations with DecimalNumbers                    # src/test/java/FeatureFile/Calculator.feature:23
  Given User is able to Open the  Windows Calculator                                         # StepDefination.CalculatorSteps.user_is_able_to_Open_the_Windows_Calculator()
  When User is able Select the two decimalNumber "6.54" and "3.45" perform the "Subtraction" # StepDefination.CalculatorSteps.user_is_able_Select_the_two_decimalNumber_and_perform_the(java.lang.String,java.lang.String,java.lang.String)
Display is 3.09
  When get the operation results of decimalNumbers "6.54" and "3.45" "Subtraction"           # StepDefination.CalculatorSteps.get_the_operation_results_of_decimalNumbers_and(java.lang.String,java.lang.String,java.lang.String)
  Then Verify the Results                                                                    # StepDefination.CalculatorSteps.verify_the_Results()
]]></system-out>
    <system-err><![CDATA[May 29, 2023 3:41:43 PM io.appium.java_client.remote.AppiumCommandExecutor$1 lambda$0
INFO: Detected dialect: OSS
]]></system-err>
  </testcase>
  <testcase name="runScenario[&quot;calculate the Arithmetic Operations with DecimalNumbers&quot;, &quot;Automate Calculator Using WinAppDriver&quot;](7)" classname="TestRunner.Runner" time="23.981">
    <system-out><![CDATA[
@ArithmeticOperation2
Scenario Outline: calculate the Arithmetic Operations with DecimalNumbers                             # src/test/java/FeatureFile/Calculator.feature:24
  Given User is able to Open the  Windows Calculator                                                  # StepDefination.CalculatorSteps.user_is_able_to_Open_the_Windows_Calculator()
  When User is able Select the two decimalNumber "20.766" and "30.65453" perform the "Multiplication" # StepDefination.CalculatorSteps.user_is_able_Select_the_two_decimalNumber_and_perform_the(java.lang.String,java.lang.String,java.lang.String)
Display is 636.57196998
  When get the operation results of decimalNumbers "20.766" and "30.65453" "Multiplication"           # StepDefination.CalculatorSteps.get_the_operation_results_of_decimalNumbers_and(java.lang.String,java.lang.String,java.lang.String)
  Then Verify the Results                                                                             # StepDefination.CalculatorSteps.verify_the_Results()
]]></system-out>
    <system-err><![CDATA[May 29, 2023 3:42:00 PM io.appium.java_client.remote.AppiumCommandExecutor$1 lambda$0
INFO: Detected dialect: OSS
]]></system-err>
  </testcase>
  <testcase name="runScenario[&quot;calculate the Arithmetic Operations with DecimalNumbers&quot;, &quot;Automate Calculator Using WinAppDriver&quot;](8)" classname="TestRunner.Runner" time="17.889">
    <system-out><![CDATA[
@ArithmeticOperation2
Scenario Outline: calculate the Arithmetic Operations with DecimalNumbers                 # src/test/java/FeatureFile/Calculator.feature:25
  Given User is able to Open the  Windows Calculator                                      # StepDefination.CalculatorSteps.user_is_able_to_Open_the_Windows_Calculator()
  When User is able Select the two decimalNumber "5.96" and "8.96" perform the "Division" # StepDefination.CalculatorSteps.user_is_able_Select_the_two_decimalNumber_and_perform_the(java.lang.String,java.lang.String,java.lang.String)
Display is 0.6651785714285714
  When get the operation results of decimalNumbers "5.96" and "8.96" "Division"           # StepDefination.CalculatorSteps.get_the_operation_results_of_decimalNumbers_and(java.lang.String,java.lang.String,java.lang.String)
  Then Verify the Results                                                                 # StepDefination.CalculatorSteps.verify_the_Results()
]]></system-out>
    <system-err><![CDATA[May 29, 2023 3:42:24 PM io.appium.java_client.remote.AppiumCommandExecutor$1 lambda$0
INFO: Detected dialect: OSS
]]></system-err>
  </testcase>
</testsuite>