<?xml version="1.0" encoding="UTF-8"?>
<testng-results ignored="0" total="8" passed="8" failed="0" skipped="0">
  <reporter-output>
  </reporter-output>
  <suite started-at="2023-05-29T15:40:03 IST" name="Surefire suite" finished-at="2023-05-29T15:42:39 IST" duration-ms="155462">
    <groups>
      <group name="cucumber">
        <method signature="AbstractTestNGCucumberTests.runScenario(io.cucumber.testng.PickleWrapper,io.cucumber.testng.FeatureWrapper)[pri:0, instance:TestRunner.Runner@209da20d]" name="runScenario" class="io.cucumber.testng.AbstractTestNGCucumberTests"/>
      </group> <!-- cucumber -->
    </groups>
    <test started-at="2023-05-29T15:40:03 IST" name="Surefire test" finished-at="2023-05-29T15:42:39 IST" duration-ms="155462">
      <class name="TestRunner.Runner">
        <test-method is-config="true" signature="setUpClass()[pri:0, instance:TestRunner.Runner@209da20d]" started-at="2023-05-29T15:40:03 IST" name="setUpClass" finished-at="2023-05-29T15:40:04 IST" duration-ms="437" status="PASS">
          <reporter-output>
          </reporter-output>
        </test-method> <!-- setUpClass -->
        <test-method signature="runScenario(io.cucumber.testng.PickleWrapper,io.cucumber.testng.FeatureWrapper)[pri:0, instance:TestRunner.Runner@209da20d]" started-at="2023-05-29T15:40:04 IST" name="runScenario" description="Runs Cucumber Scenarios" data-provider="scenarios" finished-at="2023-05-29T15:40:21 IST" duration-ms="17173" status="PASS">
          <params>
            <param index="0">
              <value>
                <![CDATA["calculate the Arithmetic Operations with WholeNumbers"]]>
              </value>
            </param>
            <param index="1">
              <value>
                <![CDATA["Automate Calculator Using WinAppDriver"]]>
              </value>
            </param>
          </params>
          <reporter-output>
          </reporter-output>
        </test-method> <!-- runScenario -->
        <test-method signature="runScenario(io.cucumber.testng.PickleWrapper,io.cucumber.testng.FeatureWrapper)[pri:0, instance:TestRunner.Runner@209da20d]" started-at="2023-05-29T15:40:21 IST" name="runScenario" description="Runs Cucumber Scenarios" data-provider="scenarios" finished-at="2023-05-29T15:40:38 IST" duration-ms="17250" status="PASS">
          <params>
            <param index="0">
              <value>
                <![CDATA["calculate the Arithmetic Operations with WholeNumbers"]]>
              </value>
            </param>
            <param index="1">
              <value>
                <![CDATA["Automate Calculator Using WinAppDriver"]]>
              </value>
            </param>
          </params>
          <reporter-output>
          </reporter-output>
        </test-method> <!-- runScenario -->
        <test-method signature="runScenario(io.cucumber.testng.PickleWrapper,io.cucumber.testng.FeatureWrapper)[pri:0, instance:TestRunner.Runner@209da20d]" started-at="2023-05-29T15:40:38 IST" name="runScenario" description="Runs Cucumber Scenarios" data-provider="scenarios" finished-at="2023-05-29T15:40:56 IST" duration-ms="17843" status="PASS">
          <params>
            <param index="0">
              <value>
                <![CDATA["calculate the Arithmetic Operations with WholeNumbers"]]>
              </value>
            </param>
            <param index="1">
              <value>
                <![CDATA["Automate Calculator Using WinAppDriver"]]>
              </value>
            </param>
          </params>
          <reporter-output>
          </reporter-output>
        </test-method> <!-- runScenario -->
        <test-method signature="runScenario(io.cucumber.testng.PickleWrapper,io.cucumber.testng.FeatureWrapper)[pri:0, instance:TestRunner.Runner@209da20d]" started-at="2023-05-29T15:40:56 IST" name="runScenario" description="Runs Cucumber Scenarios" data-provider="scenarios" finished-at="2023-05-29T15:41:12 IST" duration-ms="16374" status="PASS">
          <params>
            <param index="0">
              <value>
                <![CDATA["calculate the Arithmetic Operations with WholeNumbers"]]>
              </value>
            </param>
            <param index="1">
              <value>
                <![CDATA["Automate Calculator Using WinAppDriver"]]>
              </value>
            </param>
          </params>
          <reporter-output>
          </reporter-output>
        </test-method> <!-- runScenario -->
        <test-method signature="runScenario(io.cucumber.testng.PickleWrapper,io.cucumber.testng.FeatureWrapper)[pri:0, instance:TestRunner.Runner@209da20d]" started-at="2023-05-29T15:41:12 IST" name="runScenario" description="Runs Cucumber Scenarios" data-provider="scenarios" finished-at="2023-05-29T15:41:39 IST" duration-ms="26317" status="PASS">
          <params>
            <param index="0">
              <value>
                <![CDATA["calculate the Arithmetic Operations with DecimalNumbers"]]>
              </value>
            </param>
            <param index="1">
              <value>
                <![CDATA["Automate Calculator Using WinAppDriver"]]>
              </value>
            </param>
          </params>
          <reporter-output>
          </reporter-output>
        </test-method> <!-- runScenario -->
        <test-method signature="runScenario(io.cucumber.testng.PickleWrapper,io.cucumber.testng.FeatureWrapper)[pri:0, instance:TestRunner.Runner@209da20d]" started-at="2023-05-29T15:41:39 IST" name="runScenario" description="Runs Cucumber Scenarios" data-provider="scenarios" finished-at="2023-05-29T15:41:56 IST" duration-ms="17164" status="PASS">
          <params>
            <param index="0">
              <value>
                <![CDATA["calculate the Arithmetic Operations with DecimalNumbers"]]>
              </value>
            </param>
            <param index="1">
              <value>
                <![CDATA["Automate Calculator Using WinAppDriver"]]>
              </value>
            </param>
          </params>
          <reporter-output>
          </reporter-output>
        </test-method> <!-- runScenario -->
        <test-method signature="runScenario(io.cucumber.testng.PickleWrapper,io.cucumber.testng.FeatureWrapper)[pri:0, instance:TestRunner.Runner@209da20d]" started-at="2023-05-29T15:41:56 IST" name="runScenario" description="Runs Cucumber Scenarios" data-provider="scenarios" finished-at="2023-05-29T15:42:20 IST" duration-ms="23981" status="PASS">
          <params>
            <param index="0">
              <value>
                <![CDATA["calculate the Arithmetic Operations with DecimalNumbers"]]>
              </value>
            </param>
            <param index="1">
              <value>
                <![CDATA["Automate Calculator Using WinAppDriver"]]>
              </value>
            </param>
          </params>
          <reporter-output>
          </reporter-output>
        </test-method> <!-- runScenario -->
        <test-method signature="runScenario(io.cucumber.testng.PickleWrapper,io.cucumber.testng.FeatureWrapper)[pri:0, instance:TestRunner.Runner@209da20d]" started-at="2023-05-29T15:42:20 IST" name="runScenario" description="Runs Cucumber Scenarios" data-provider="scenarios" finished-at="2023-05-29T15:42:38 IST" duration-ms="17880" status="PASS">
          <params>
            <param index="0">
              <value>
                <![CDATA["calculate the Arithmetic Operations with DecimalNumbers"]]>
              </value>
            </param>
            <param index="1">
              <value>
                <![CDATA["Automate Calculator Using WinAppDriver"]]>
              </value>
            </param>
          </params>
          <reporter-output>
          </reporter-output>
        </test-method> <!-- runScenario -->
        <test-method is-config="true" signature="tearDownClass()[pri:0, instance:TestRunner.Runner@209da20d]" started-at="2023-05-29T15:42:38 IST" name="tearDownClass" finished-at="2023-05-29T15:42:39 IST" duration-ms="906" status="PASS">
          <reporter-output>
          </reporter-output>
        </test-method> <!-- tearDownClass -->
      </class> <!-- TestRunner.Runner -->
    </test> <!-- Surefire test -->
  </suite> <!-- Surefire suite -->
</testng-results>
